<?xml version="1.0" encoding="UTF-8"?>
<!-- Generated by org.testng.reporters.JUnitReportReporter -->
<testsuite skipped="1" hostname="name" name="mavenpack.seliniumproject.RadioButton1" tests="2" failures="0" timestamp="28 Apr 2021 05:13:07 GMT" time="3.734" errors="1">
  <testcase name="radioButton1" time="0.000" classname="mavenpack.seliniumproject.RadioButton1">
    <skipped/>
  </testcase> <!-- radioButton1 -->
  <testcase name="beforeMethod" time="3.734" classname="mavenpack.seliniumproject.RadioButton1">
    <error type="org.openqa.selenium.SessionNotCreatedException" message="session not created: This version of ChromeDriver only supports Chrome version 88
Current browser version is 90.0.4430.93 with binary path C:\Program Files (x86)\Google\Chrome\Application\chrome.exe
Build info: version: &#039;3.141.59&#039;, revision: &#039;e82be7d358&#039;, time: &#039;2018-11-14T08:17:03&#039;
System info: host: &#039;NAME&#039;, ip: &#039;192.168.43.208&#039;, os.name: &#039;Windows 8.1&#039;, os.arch: &#039;amd64&#039;, os.version: &#039;6.3&#039;, java.version: &#039;1.8.0_271&#039;
Driver info: driver.version: ChromeDriver
remote stacktrace: Backtrace:
	GetHandleVerifier [0x0138B963+483]
	GetHandleVerifier [0x0138B941+449]
	GetHandleVerifier [0x01733308+3832712]
	GetHandleVerifier [0x0174D69A+3940122]
	GetHandleVerifier [0x01749AFB+3924859]
	GetHandleVerifier [0x01747D9C+3917340]
	GetHandleVerifier [0x0176E7FE+4075646]
	GetHandleVerifier [0x0176E56C+4074988]
	GetHandleVerifier [0x0176B2EB+4062059]
	GetHandleVerifier [0x0174ED14+3945876]
	GetHandleVerifier [0x0174FBCE+3949646]
	GetHandleVerifier [0x0174FB59+3949529]
	Ordinal0 [0x0134B5CC+46540]
	Ordinal0 [0x01349F53+40787]
	Ordinal0 [0x01349B12+39698]
	GetHandleVerifier [0x01651468+2907368]
	GetHandleVerifier [0x014971EE+1096302]
	GetHandleVerifier [0x01453E8D+821005]
	GetHandleVerifier [0x0145396B+819691]
	GetHandleVerifier [0x01453881+819457]
	GetHandleVerifier [0x0147F463+998627]
	BaseThreadInitThunk [0x76CC6A14+36]
	RtlInitializeExceptionChain [0x7760AB2F+143]
	RtlInitializeExceptionChain [0x7760AAFA+90]
">
      <![CDATA[org.openqa.selenium.SessionNotCreatedException: session not created: This version of ChromeDriver only supports Chrome version 88
Current browser version is 90.0.4430.93 with binary path C:\Program Files (x86)\Google\Chrome\Application\chrome.exe
Build info: version: '3.141.59', revision: 'e82be7d358', time: '2018-11-14T08:17:03'
System info: host: 'NAME', ip: '192.168.43.208', os.name: 'Windows 8.1', os.arch: 'amd64', os.version: '6.3', java.version: '1.8.0_271'
Driver info: driver.version: ChromeDriver
remote stacktrace: Backtrace:
GetHandleVerifier [0x0138B963+483]
GetHandleVerifier [0x0138B941+449]
GetHandleVerifier [0x01733308+3832712]
GetHandleVerifier [0x0174D69A+3940122]
GetHandleVerifier [0x01749AFB+3924859]
GetHandleVerifier [0x01747D9C+3917340]
GetHandleVerifier [0x0176E7FE+4075646]
GetHandleVerifier [0x0176E56C+4074988]
GetHandleVerifier [0x0176B2EB+4062059]
GetHandleVerifier [0x0174ED14+3945876]
GetHandleVerifier [0x0174FBCE+3949646]
GetHandleVerifier [0x0174FB59+3949529]
Ordinal0 [0x0134B5CC+46540]
Ordinal0 [0x01349F53+40787]
Ordinal0 [0x01349B12+39698]
GetHandleVerifier [0x01651468+2907368]
GetHandleVerifier [0x014971EE+1096302]
GetHandleVerifier [0x01453E8D+821005]
GetHandleVerifier [0x0145396B+819691]
GetHandleVerifier [0x01453881+819457]
GetHandleVerifier [0x0147F463+998627]
BaseThreadInitThunk [0x76CC6A14+36]
RtlInitializeExceptionChain [0x7760AB2F+143]
RtlInitializeExceptionChain [0x7760AAFA+90]

at sun.reflect.NativeConstructorAccessorImpl.newInstance0(Native Method)
at sun.reflect.NativeConstructorAccessorImpl.newInstance(Unknown Source)
at sun.reflect.DelegatingConstructorAccessorImpl.newInstance(Unknown Source)
at java.lang.reflect.Constructor.newInstance(Unknown Source)
at org.openqa.selenium.remote.W3CHandshakeResponse.lambda$errorHandler$0(W3CHandshakeResponse.java:62)
at org.openqa.selenium.remote.HandshakeResponse.lambda$getResponseFunction$0(HandshakeResponse.java:30)
at org.openqa.selenium.remote.ProtocolHandshake.lambda$createSession$0(ProtocolHandshake.java:126)
at java.util.stream.ReferencePipeline$3$1.accept(Unknown Source)
at java.util.Spliterators$ArraySpliterator.tryAdvance(Unknown Source)
at java.util.stream.ReferencePipeline.forEachWithCancel(Unknown Source)
at java.util.stream.AbstractPipeline.copyIntoWithCancel(Unknown Source)
at java.util.stream.AbstractPipeline.copyInto(Unknown Source)
at java.util.stream.AbstractPipeline.wrapAndCopyInto(Unknown Source)
at java.util.stream.FindOps$FindOp.evaluateSequential(Unknown Source)
at java.util.stream.AbstractPipeline.evaluate(Unknown Source)
at java.util.stream.ReferencePipeline.findFirst(Unknown Source)
at org.openqa.selenium.remote.ProtocolHandshake.createSession(ProtocolHandshake.java:128)
at org.openqa.selenium.remote.ProtocolHandshake.createSession(ProtocolHandshake.java:74)
at org.openqa.selenium.remote.HttpCommandExecutor.execute(HttpCommandExecutor.java:136)
at org.openqa.selenium.remote.service.DriverCommandExecutor.execute(DriverCommandExecutor.java:83)
at org.openqa.selenium.remote.RemoteWebDriver.execute(RemoteWebDriver.java:552)
at org.openqa.selenium.remote.RemoteWebDriver.startSession(RemoteWebDriver.java:213)
at org.openqa.selenium.remote.RemoteWebDriver.<init>(RemoteWebDriver.java:131)
at org.openqa.selenium.chrome.ChromeDriver.<init>(ChromeDriver.java:181)
at org.openqa.selenium.chrome.ChromeDriver.<init>(ChromeDriver.java:168)
at org.openqa.selenium.chrome.ChromeDriver.<init>(ChromeDriver.java:157)
at mavenpack.seliniumproject.BaseTest.browserLaunch(BaseTest.java:70)
at mavenpack.seliniumproject.RadioButton1.beforeMethod(RadioButton1.java:26)
at sun.reflect.NativeMethodAccessorImpl.invoke0(Native Method)
at sun.reflect.NativeMethodAccessorImpl.invoke(Unknown Source)
at sun.reflect.DelegatingMethodAccessorImpl.invoke(Unknown Source)
at java.lang.reflect.Method.invoke(Unknown Source)
at org.testng.internal.MethodInvocationHelper.invokeMethod(MethodInvocationHelper.java:124)
at org.testng.internal.MethodInvocationHelper.invokeMethodConsideringTimeout(MethodInvocationHelper.java:59)
at org.testng.internal.Invoker.invokeConfigurationMethod(Invoker.java:458)
at org.testng.internal.Invoker.invokeConfigurations(Invoker.java:222)
at org.testng.internal.Invoker.invokeMethod(Invoker.java:523)
at org.testng.internal.Invoker.invokeTestMethod(Invoker.java:719)
at org.testng.internal.Invoker.invokeTestMethods(Invoker.java:989)
at org.testng.internal.TestMethodWorker.invokeTestMethods(TestMethodWorker.java:125)
at org.testng.internal.TestMethodWorker.run(TestMethodWorker.java:109)
at org.testng.TestRunner.privateRun(TestRunner.java:648)
at org.testng.TestRunner.run(TestRunner.java:505)
at org.testng.SuiteRunner.runTest(SuiteRunner.java:455)
at org.testng.SuiteRunner.runSequentially(SuiteRunner.java:450)
at org.testng.SuiteRunner.privateRun(SuiteRunner.java:415)
at org.testng.SuiteRunner.run(SuiteRunner.java:364)
at org.testng.SuiteRunnerWorker.runSuite(SuiteRunnerWorker.java:52)
at org.testng.SuiteRunnerWorker.run(SuiteRunnerWorker.java:84)
at org.testng.TestNG.runSuitesSequentially(TestNG.java:1208)
at org.testng.TestNG.runSuitesLocally(TestNG.java:1137)
at org.testng.TestNG.runSuites(TestNG.java:1049)
at org.testng.TestNG.run(TestNG.java:1017)
at org.testng.remote.AbstractRemoteTestNG.run(AbstractRemoteTestNG.java:115)
at org.testng.remote.RemoteTestNG.initAndRun(RemoteTestNG.java:251)
at org.testng.remote.RemoteTestNG.main(RemoteTestNG.java:77)
]]>
    </error>
  </testcase> <!-- beforeMethod -->
</testsuite> <!-- mavenpack.seliniumproject.RadioButton1 -->
